c:\users\maria salas\source\repos\examen_ii\examen_ii\debug\vc141.pdb
c:\users\maria salas\source\repos\examen_ii\examen_ii\debug\vc141.idb
c:\users\maria salas\source\repos\examen_ii\examen_ii\debug\vista.obj
c:\users\maria salas\source\repos\examen_ii\examen_ii\debug\sistemamatricula.obj
c:\users\maria salas\source\repos\examen_ii\examen_ii\debug\profesorguia.obj
c:\users\maria salas\source\repos\examen_ii\examen_ii\debug\persona.obj
c:\users\maria salas\source\repos\examen_ii\examen_ii\debug\matricula.obj
c:\users\maria salas\source\repos\examen_ii\examen_ii\debug\main.obj
c:\users\maria salas\source\repos\examen_ii\examen_ii\debug\gestorarchivos.obj
c:\users\maria salas\source\repos\examen_ii\examen_ii\debug\fecha.obj
c:\users\maria salas\source\repos\examen_ii\examen_ii\debug\estudiante.obj
c:\users\maria salas\source\repos\examen_ii\examen_ii\debug\encargado.obj
c:\users\maria salas\source\repos\examen_ii\examen_ii\debug\controladora.obj
c:\users\maria salas\source\repos\examen_ii\debug\examen_ii.exe
c:\users\maria salas\source\repos\examen_ii\debug\examen_ii.ilk
c:\users\maria salas\source\repos\examen_ii\debug\examen_ii.pdb
c:\users\maria salas\source\repos\examen_ii\examen_ii\debug\examen_ii.tlog\cl.command.1.tlog
c:\users\maria salas\source\repos\examen_ii\examen_ii\debug\examen_ii.tlog\cl.read.1.tlog
c:\users\maria salas\source\repos\examen_ii\examen_ii\debug\examen_ii.tlog\cl.write.1.tlog
c:\users\maria salas\source\repos\examen_ii\examen_ii\debug\examen_ii.tlog\link.command.1.tlog
c:\users\maria salas\source\repos\examen_ii\examen_ii\debug\examen_ii.tlog\link.read.1.tlog
c:\users\maria salas\source\repos\examen_ii\examen_ii\debug\examen_ii.tlog\link.write.1.tlog
